<?xml version="1.0" encoding="UTF-8"?>
<!-- Generated by org.testng.reporters.JUnitXMLReporter -->
<testsuite ignored="0" hostname="pikjians-MacBook-Air.local" failures="0" tests="7" name="Test" time="158.277" errors="0" timestamp="2024-10-25T16:13:40 SGT">
  <testcase classname="TestCases.PhoneNumberTest" name="testOnceInvalidPhoneNumber" time="5.771"/>
  <testcase classname="TestCases.PhoneNumberTest" name="testEmptyPhoneNumber" time="3.05"/>
  <testcase classname="TestCases.PhoneNumberTest" name="testInvalidCountryCode" time="5.285"/>
  <testcase classname="TestCases.PhoneNumberTest" name="testMoreThan3TimesInvalidPhoneNumber" time="10.388"/>
  <testcase classname="TestCases.SelectStateTest" name="testAllStatesSize" time="62.399"/>
  <testcase classname="TestCases.SelectStateTest" name="testSearchedStateResultListContainsKeyword" time="5.581"/>
  <testcase classname="TestCases.SelectStateTest" name="testSelectStateByScrolling" time="18.291"/>
</testsuite> <!-- Test -->
