<?xml version="1.0" encoding="UTF-8"?>
<!-- Generated by org.testng.reporters.JUnitXMLReporter -->
<testsuite ignored="0" hostname="pikjians-MacBook-Air.local" failures="0" tests="8" name="Command line test" time="225.647" errors="0" timestamp="2024-10-25T23:54:42 SGT">
  <testcase classname="TestCases.PhoneNumberTest" name="testOnceInvalidPhoneNumber" time="5.807"/>
  <testcase classname="TestCases.PhoneNumberTest" name="testEmptyPhoneNumber" time="2.536"/>
  <testcase classname="TestCases.PhoneNumberTest" name="testInvalidCountryCode" time="5.419"/>
  <testcase classname="TestCases.PhoneNumberTest" name="testMoreThan3TimesInvalidPhoneNumber" time="11.022"/>
  <testcase classname="TestCases.SelectStateTest" name="testAllStatesSize" time="69.215"/>
  <testcase classname="TestCases.SelectStateTest" name="testSearchedStateResultListContainsKeyword" time="5.868"/>
  <testcase classname="TestCases.SelectStateTest" name="testSelectStateByScrolling" time="18.359"/>
  <testcase classname="TestCases.LoginAndLogoutTest" name="testLogin" time="40.212"/>
</testsuite> <!-- Command line test -->
