<?xml version="1.0" encoding="UTF-8" ?>
<testsuite tests="8" failures="0" name="TestSuite" time="158.449" errors="0" skipped="0">
  <properties>
[...]
</properties>
  <testcase classname="TestCases.PhoneNumberTest" name="testOnceInvalidPhoneNumber" time="5.812"/>
  <testcase classname="TestCases.PhoneNumberTest" name="testEmptyPhoneNumber" time="2.537"/>
  <testcase classname="TestCases.PhoneNumberTest" name="testInvalidCountryCode" time="5.418"/>
  <testcase classname="TestCases.PhoneNumberTest" name="testMoreThan3TimesInvalidPhoneNumber" time="11.031"/>
  <testcase classname="TestCases.SelectStateTest" name="testAllStatesSize" time="69.222"/>
  <testcase classname="TestCases.SelectStateTest" name="testSearchedStateResultListContainsKeyword" time="5.864"/>
  <testcase classname="TestCases.SelectStateTest" name="testSelectStateByScrolling" time="18.35"/>
  <testcase classname="TestCases.LoginAndLogoutTest" name="testLogin" time="40.215"/>
</testsuite>