<?xml version="1.0" encoding="UTF-8"?>
<testng-results ignored="0" total="8" passed="8" failed="0" skipped="0">
  <reporter-output>
  </reporter-output>
  <suite started-at="2024-10-25T23:50:56 SGT" name="Command line suite" finished-at="2024-10-25T23:54:42 SGT" duration-ms="225647">
    <groups>
    </groups>
    <test started-at="2024-10-25T23:50:56 SGT" name="Command line test" finished-at="2024-10-25T23:54:42 SGT" duration-ms="225647">
      <class name="TestCases.PhoneNumberTest">
        <test-method is-config="true" signature="setup()[pri:0, instance:TestCases.PhoneNumberTest@71a794e5]" started-at="2024-10-25T23:50:56 SGT" name="setup" finished-at="2024-10-25T23:51:04 SGT" duration-ms="7588" status="PASS">
          <reporter-output>
          </reporter-output>
        </test-method> <!-- setup -->
        <test-method signature="testOnceInvalidPhoneNumber()[pri:1, instance:TestCases.PhoneNumberTest@71a794e5]" started-at="2024-10-25T23:51:04 SGT" name="testOnceInvalidPhoneNumber" finished-at="2024-10-25T23:51:10 SGT" duration-ms="5807" status="PASS">
          <reporter-output>
          </reporter-output>
        </test-method> <!-- testOnceInvalidPhoneNumber -->
        <test-method is-config="true" signature="tearDown()[pri:0, instance:TestCases.PhoneNumberTest@71a794e5]" started-at="2024-10-25T23:51:10 SGT" name="tearDown" finished-at="2024-10-25T23:51:10 SGT" duration-ms="518" status="PASS">
          <reporter-output>
          </reporter-output>
        </test-method> <!-- tearDown -->
        <test-method is-config="true" signature="setup()[pri:0, instance:TestCases.PhoneNumberTest@71a794e5]" started-at="2024-10-25T23:51:10 SGT" name="setup" finished-at="2024-10-25T23:51:16 SGT" duration-ms="6167" status="PASS">
          <reporter-output>
          </reporter-output>
        </test-method> <!-- setup -->
        <test-method signature="testEmptyPhoneNumber()[pri:2, instance:TestCases.PhoneNumberTest@71a794e5]" started-at="2024-10-25T23:51:16 SGT" name="testEmptyPhoneNumber" finished-at="2024-10-25T23:51:19 SGT" duration-ms="2536" status="PASS">
          <reporter-output>
          </reporter-output>
        </test-method> <!-- testEmptyPhoneNumber -->
        <test-method is-config="true" signature="tearDown()[pri:0, instance:TestCases.PhoneNumberTest@71a794e5]" started-at="2024-10-25T23:51:19 SGT" name="tearDown" finished-at="2024-10-25T23:51:19 SGT" duration-ms="500" status="PASS">
          <reporter-output>
          </reporter-output>
        </test-method> <!-- tearDown -->
        <test-method is-config="true" signature="setup()[pri:0, instance:TestCases.PhoneNumberTest@71a794e5]" started-at="2024-10-25T23:51:19 SGT" name="setup" finished-at="2024-10-25T23:51:25 SGT" duration-ms="6141" status="PASS">
          <reporter-output>
          </reporter-output>
        </test-method> <!-- setup -->
        <test-method signature="testInvalidCountryCode()[pri:3, instance:TestCases.PhoneNumberTest@71a794e5]" started-at="2024-10-25T23:51:25 SGT" name="testInvalidCountryCode" finished-at="2024-10-25T23:51:31 SGT" duration-ms="5419" status="PASS">
          <reporter-output>
          </reporter-output>
        </test-method> <!-- testInvalidCountryCode -->
        <test-method is-config="true" signature="tearDown()[pri:0, instance:TestCases.PhoneNumberTest@71a794e5]" started-at="2024-10-25T23:51:31 SGT" name="tearDown" finished-at="2024-10-25T23:51:31 SGT" duration-ms="410" status="PASS">
          <reporter-output>
          </reporter-output>
        </test-method> <!-- tearDown -->
        <test-method is-config="true" signature="setup()[pri:0, instance:TestCases.PhoneNumberTest@71a794e5]" started-at="2024-10-25T23:51:31 SGT" name="setup" finished-at="2024-10-25T23:51:37 SGT" duration-ms="6006" status="PASS">
          <reporter-output>
          </reporter-output>
        </test-method> <!-- setup -->
        <test-method signature="testMoreThan3TimesInvalidPhoneNumber()[pri:4, instance:TestCases.PhoneNumberTest@71a794e5]" started-at="2024-10-25T23:51:37 SGT" name="testMoreThan3TimesInvalidPhoneNumber" finished-at="2024-10-25T23:51:48 SGT" duration-ms="11022" status="PASS">
          <reporter-output>
          </reporter-output>
        </test-method> <!-- testMoreThan3TimesInvalidPhoneNumber -->
        <test-method is-config="true" signature="tearDown()[pri:0, instance:TestCases.PhoneNumberTest@71a794e5]" started-at="2024-10-25T23:51:48 SGT" name="tearDown" finished-at="2024-10-25T23:51:49 SGT" duration-ms="813" status="PASS">
          <reporter-output>
          </reporter-output>
        </test-method> <!-- tearDown -->
      </class> <!-- TestCases.PhoneNumberTest -->
      <class name="TestCases.LoginAndLogoutTest">
        <test-method is-config="true" signature="setup()[pri:0, instance:TestCases.LoginAndLogoutTest@58fdd99]" started-at="2024-10-25T23:53:53 SGT" name="setup" finished-at="2024-10-25T23:54:00 SGT" duration-ms="7112" status="PASS">
          <reporter-output>
          </reporter-output>
        </test-method> <!-- setup -->
        <test-method signature="testLogin()[pri:0, instance:TestCases.LoginAndLogoutTest@58fdd99]" started-at="2024-10-25T23:54:00 SGT" name="testLogin" finished-at="2024-10-25T23:54:41 SGT" duration-ms="40212" status="PASS">
          <reporter-output>
          </reporter-output>
        </test-method> <!-- testLogin -->
        <test-method is-config="true" signature="tearDown()[pri:0, instance:TestCases.LoginAndLogoutTest@58fdd99]" started-at="2024-10-25T23:54:41 SGT" name="tearDown" finished-at="2024-10-25T23:54:42 SGT" duration-ms="1176" status="PASS">
          <reporter-output>
          </reporter-output>
        </test-method> <!-- tearDown -->
      </class> <!-- TestCases.LoginAndLogoutTest -->
      <class name="TestCases.SelectStateTest">
        <test-method is-config="true" signature="setup()[pri:0, instance:TestCases.SelectStateTest@551bdc27]" started-at="2024-10-25T23:51:49 SGT" name="setup" finished-at="2024-10-25T23:51:56 SGT" duration-ms="7346" status="PASS">
          <reporter-output>
          </reporter-output>
        </test-method> <!-- setup -->
        <test-method signature="testAllStatesSize()[pri:0, instance:TestCases.SelectStateTest@551bdc27]" started-at="2024-10-25T23:51:56 SGT" name="testAllStatesSize" finished-at="2024-10-25T23:53:06 SGT" duration-ms="69215" status="PASS">
          <reporter-output>
          </reporter-output>
        </test-method> <!-- testAllStatesSize -->
        <test-method is-config="true" signature="tearDown()[pri:0, instance:TestCases.SelectStateTest@551bdc27]" started-at="2024-10-25T23:53:06 SGT" name="tearDown" finished-at="2024-10-25T23:53:09 SGT" duration-ms="3232" status="PASS">
          <reporter-output>
          </reporter-output>
        </test-method> <!-- tearDown -->
        <test-method is-config="true" signature="setup()[pri:0, instance:TestCases.SelectStateTest@551bdc27]" started-at="2024-10-25T23:53:09 SGT" name="setup" finished-at="2024-10-25T23:53:16 SGT" duration-ms="7373" status="PASS">
          <reporter-output>
          </reporter-output>
        </test-method> <!-- setup -->
        <test-method signature="testSearchedStateResultListContainsKeyword()[pri:0, instance:TestCases.SelectStateTest@551bdc27]" started-at="2024-10-25T23:53:16 SGT" name="testSearchedStateResultListContainsKeyword" finished-at="2024-10-25T23:53:22 SGT" duration-ms="5868" status="PASS">
          <reporter-output>
          </reporter-output>
        </test-method> <!-- testSearchedStateResultListContainsKeyword -->
        <test-method is-config="true" signature="tearDown()[pri:0, instance:TestCases.SelectStateTest@551bdc27]" started-at="2024-10-25T23:53:22 SGT" name="tearDown" finished-at="2024-10-25T23:53:23 SGT" duration-ms="931" status="PASS">
          <reporter-output>
          </reporter-output>
        </test-method> <!-- tearDown -->
        <test-method is-config="true" signature="setup()[pri:0, instance:TestCases.SelectStateTest@551bdc27]" started-at="2024-10-25T23:53:23 SGT" name="setup" finished-at="2024-10-25T23:53:34 SGT" duration-ms="11424" status="PASS">
          <reporter-output>
          </reporter-output>
        </test-method> <!-- setup -->
        <test-method signature="testSelectStateByScrolling()[pri:0, instance:TestCases.SelectStateTest@551bdc27]" started-at="2024-10-25T23:53:34 SGT" name="testSelectStateByScrolling" finished-at="2024-10-25T23:53:53 SGT" duration-ms="18359" status="PASS">
          <reporter-output>
          </reporter-output>
        </test-method> <!-- testSelectStateByScrolling -->
        <test-method is-config="true" signature="tearDown()[pri:0, instance:TestCases.SelectStateTest@551bdc27]" started-at="2024-10-25T23:53:53 SGT" name="tearDown" finished-at="2024-10-25T23:53:53 SGT" duration-ms="365" status="PASS">
          <reporter-output>
          </reporter-output>
        </test-method> <!-- tearDown -->
      </class> <!-- TestCases.SelectStateTest -->
    </test> <!-- Command line test -->
  </suite> <!-- Command line suite -->
</testng-results>
